04/01/22 11:39:32: style.scss - Undefined variable $white: style.scss on line 563, at column 6
04/01/22 11:39:37: style.scss - Undefined variable $white: style.scss on line 563, at column 6
04/01/22 11:39:39: style.scss - Undefined variable $white: style.scss on line 563, at column 6
04/01/22 11:39:49: style.scss - Undefined variable $white: style.scss on line 563, at column 6
04/01/22 11:40:20: style.scss - Undefined variable $white: style.scss on line 563, at column 6
04/01/22 11:40:39: style.scss - Undefined variable $white: style.scss on line 563, at column 6
04/01/22 11:40:50: style.scss - Undefined variable $white: style.scss on line 563, at column 6
04/01/22 11:41:33: style.scss - Undefined variable $white: style.scss on line 563, at column 6
04/11/22 11:27:54: style.scss - Undefined variable $white: style.scss on line 142, at column 9
04/11/22 11:27:54: style.scss - Undefined variable $white: style.scss on line 142, at column 9
04/11/22 11:28:12: style.scss - Undefined variable $white: style.scss on line 142, at column 9
04/11/22 12:14:51: style.scss - unclosed block: failed at `` /home/devartisticore/public_html/forekidz/wp-content/themes/ForeKidz/assets/css/style.scss on line 642, at column 0
04/11/22 12:37:19: style.scss - parse error: failed at `align-content;` /home/devartisticore/public_html/forekidz/wp-content/themes/ForeKidz/assets/css/style.scss on line 217, at column 25
04/11/22 12:37:34: style.scss - unclosed block: failed at `` /home/devartisticore/public_html/forekidz/wp-content/themes/ForeKidz/assets/css/style.scss on line 662, at column 0
04/11/22 12:37:37: style.scss - unclosed block: failed at `` /home/devartisticore/public_html/forekidz/wp-content/themes/ForeKidz/assets/css/style.scss on line 662, at column 0
04/11/22 2:53:50: style.scss - parse error: failed at `background-position: top center` /home/devartisticore/public_html/forekidz/wp-content/themes/ForeKidz/assets/css/style.scss on line 16, at column 5
04/11/22 2:54:13: style.scss - parse error: failed at `background-position: top center` /home/devartisticore/public_html/forekidz/wp-content/themes/ForeKidz/assets/css/style.scss on line 16, at column 5
04/11/22 2:54:22: style.scss - parse error: failed at `background-position: top center` /home/devartisticore/public_html/forekidz/wp-content/themes/ForeKidz/assets/css/style.scss on line 16, at column 5
04/11/22 2:54:36: style.scss - parse error: failed at `background-position: top center` /home/devartisticore/public_html/forekidz/wp-content/themes/ForeKidz/assets/css/style.scss on line 16, at column 5
04/11/22 2:54:48: style.scss - parse error: failed at `background-position: top center` /home/devartisticore/public_html/forekidz/wp-content/themes/ForeKidz/assets/css/style.scss on line 16, at column 5
04/11/22 2:55:51: style.scss - parse error: failed at `background-position: top center` /home/devartisticore/public_html/forekidz/wp-content/themes/ForeKidz/assets/css/style.scss on line 16, at column 5
04/11/22 2:56:14: style.scss - parse error: failed at `background-position: top center` /home/devartisticore/public_html/forekidz/wp-content/themes/ForeKidz/assets/css/style.scss on line 16, at column 5
04/11/22 2:56:23: style.scss - parse error: failed at `background-position: top center` /home/devartisticore/public_html/forekidz/wp-content/themes/ForeKidz/assets/css/style.scss on line 16, at column 5
04/11/22 2:56:37: style.scss - parse error: failed at `background-position: top center` /home/devartisticore/public_html/forekidz/wp-content/themes/ForeKidz/assets/css/style.scss on line 16, at column 5
04/11/22 2:56:49: style.scss - parse error: failed at `background-position: top center` /home/devartisticore/public_html/forekidz/wp-content/themes/ForeKidz/assets/css/style.scss on line 16, at column 5
04/11/22 2:57:14: style.scss - parse error: failed at `background-position: top center` /home/devartisticore/public_html/forekidz/wp-content/themes/ForeKidz/assets/css/style.scss on line 16, at column 5
04/11/22 2:57:23: style.scss - parse error: failed at `background-position: top center` /home/devartisticore/public_html/forekidz/wp-content/themes/ForeKidz/assets/css/style.scss on line 16, at column 5
04/11/22 2:57:38: style.scss - parse error: failed at `background-position: top center` /home/devartisticore/public_html/forekidz/wp-content/themes/ForeKidz/assets/css/style.scss on line 16, at column 5
04/11/22 2:57:50: style.scss - parse error: failed at `background-position: top center` /home/devartisticore/public_html/forekidz/wp-content/themes/ForeKidz/assets/css/style.scss on line 16, at column 5
04/11/22 2:57:52: style.scss - parse error: failed at `background-position: top center` /home/devartisticore/public_html/forekidz/wp-content/themes/ForeKidz/assets/css/style.scss on line 16, at column 5
04/11/22 2:57:58: style.scss - parse error: failed at `background-position: top center` /home/devartisticore/public_html/forekidz/wp-content/themes/ForeKidz/assets/css/style.scss on line 16, at column 5
04/11/22 2:58:15: style.scss - Undefined mixin for-tablet: style.scss on line 19, at column 4
04/11/22 2:58:23: style.scss - Undefined mixin for-tablet: style.scss on line 19, at column 4
04/11/22 2:58:39: style.scss - Undefined mixin for-tablet: style.scss on line 19, at column 4
04/11/22 2:58:48: style.scss - Undefined mixin for-tablet: style.scss on line 19, at column 4
04/11/22 2:59:16: style.scss - Undefined mixin for-tablet: style.scss on line 19, at column 4
04/11/22 2:59:23: style.scss - Undefined mixin for-tablet: style.scss on line 19, at column 4
04/11/22 2:59:24: style.scss - Undefined mixin for-tablet: style.scss on line 19, at column 4
04/12/22 1:17:25: style.scss - unexpected }: failed at `` /home/devartisticore/public_html/forekidz/wp-content/themes/ForeKidz/assets/css/style.scss on line 902, at column 0
04/12/22 1:17:26: style.scss - unexpected }: failed at `` /home/devartisticore/public_html/forekidz/wp-content/themes/ForeKidz/assets/css/style.scss on line 902, at column 0
04/12/22 1:17:32: style.scss - unexpected }: failed at `` /home/devartisticore/public_html/forekidz/wp-content/themes/ForeKidz/assets/css/style.scss on line 902, at column 0
04/12/22 1:17:37: style.scss - unexpected }: failed at `` /home/devartisticore/public_html/forekidz/wp-content/themes/ForeKidz/assets/css/style.scss on line 902, at column 0
04/12/22 1:24:09: style.scss - unexpected }: failed at `` /home/devartisticore/public_html/forekidz/wp-content/themes/ForeKidz/assets/css/style.scss on line 907, at column 0
04/12/22 1:24:21: style.scss - unexpected }: failed at `` /home/devartisticore/public_html/forekidz/wp-content/themes/ForeKidz/assets/css/style.scss on line 907, at column 0
04/12/22 1:24:22: style.scss - unexpected }: failed at `` /home/devartisticore/public_html/forekidz/wp-content/themes/ForeKidz/assets/css/style.scss on line 907, at column 0
04/12/22 1:24:23: style.scss - unexpected }: failed at `` /home/devartisticore/public_html/forekidz/wp-content/themes/ForeKidz/assets/css/style.scss on line 907, at column 0
04/12/22 1:34:58: style.scss - unexpected }: failed at `` /home/devartisticore/public_html/forekidz/wp-content/themes/ForeKidz/assets/css/style.scss on line 934, at column 0
04/12/22 1:35:14: style.scss - unexpected }: failed at `` /home/devartisticore/public_html/forekidz/wp-content/themes/ForeKidz/assets/css/style.scss on line 934, at column 0
04/12/22 1:35:38: style.scss - unexpected }: failed at `` /home/devartisticore/public_html/forekidz/wp-content/themes/ForeKidz/assets/css/style.scss on line 934, at column 0
04/12/22 4:37:00: style.scss - Undefined mixin mobile: style.scss on line 334, at column 4
04/13/22 5:27:03: style.scss - Undefined mixin foe-laptop: style.scss on line 928, at column 4
04/15/22 11:38:37: style.scss - parse error: failed at `font-size` /home/devartisticore/public_html/forekidz/wp-content/themes/ForeKidz/assets/css/style.scss on line 1139, at column 4
04/15/22 11:39:43: style.scss - parse error: failed at `align-content}` /home/devartisticore/public_html/forekidz/wp-content/themes/ForeKidz/assets/css/style.scss on line 1140, at column 32
04/15/22 11:39:44: style.scss - parse error: failed at `align-content}` /home/devartisticore/public_html/forekidz/wp-content/themes/ForeKidz/assets/css/style.scss on line 1140, at column 32
04/15/22 12:03:03: style.scss - unexpected }: failed at `` /home/devartisticore/public_html/forekidz/wp-content/themes/ForeKidz/assets/css/style.scss on line 408, at column 0
04/15/22 12:03:13: style.scss - unexpected }: failed at `` /home/devartisticore/public_html/forekidz/wp-content/themes/ForeKidz/assets/css/style.scss on line 408, at column 0
04/15/22 12:03:18: style.scss - unexpected }: failed at `` /home/devartisticore/public_html/forekidz/wp-content/themes/ForeKidz/assets/css/style.scss on line 408, at column 0
04/15/22 12:03:41: style.scss - unexpected }: failed at `` /home/devartisticore/public_html/forekidz/wp-content/themes/ForeKidz/assets/css/style.scss on line 408, at column 0
04/15/22 12:03:42: style.scss - unexpected }: failed at `` /home/devartisticore/public_html/forekidz/wp-content/themes/ForeKidz/assets/css/style.scss on line 408, at column 0
04/15/22 12:03:50: style.scss - unexpected }: failed at `` /home/devartisticore/public_html/forekidz/wp-content/themes/ForeKidz/assets/css/style.scss on line 408, at column 0
